[2026-07-07 01:53:28] [백필 모드] 수집 범위: 2026-01-01 ~ 2026-07-06
[2026-07-07 01:53:28] 경고: 다운로드 범위가 187일. 장기 미실행/연속 실패 가능성.
[2026-07-07 01:53:28] 수집 범위: 2026-01-01 ~ 2026-07-06 (187일)
[2026-07-07 01:53:29] 리포트 작업 생성: 1545972320353391
[2026-07-07 01:53:29]   0% / Job Not Started
[2026-07-07 01:53:35]   0% / Job Not Started
[2026-07-07 01:53:40]   0% / Job Not Started
[2026-07-07 01:53:45]   0% / Job Started
[2026-07-07 01:53:50]   0% / Job Started
[2026-07-07 01:53:55]   0% / Job Started
[2026-07-07 01:54:01]   0% / Job Running
[2026-07-07 01:54:06]   0% / Job Running
[2026-07-07 01:54:11]   0% / Job Running
[2026-07-07 01:54:16]   0% / Job Running
[2026-07-07 01:54:22]   34% / Job Running
[2026-07-07 01:54:27]   49% / Job Running
[2026-07-07 01:54:32]   49% / Job Running
[2026-07-07 01:54:37]   64% / Job Running
[2026-07-07 01:54:43]   79% / Job Running
[2026-07-07 01:54:48]   79% / Job Running
[2026-07-07 01:54:53]   90% / Job Running
[2026-07-07 01:54:58]   99% / Job Running
[2026-07-07 01:55:04]   100% / Job Running
[2026-07-07 01:55:09]   100% / Job Running
[2026-07-07 01:55:14]   100% / Job Running
[2026-07-07 01:55:19]   100% / Job Running
[2026-07-07 01:55:24]   100% / Job Running
[2026-07-07 01:55:30]   100% / Job Completed
[2026-07-07 01:55:32]   페이지 1: +500행 (누적 500행)
[2026-07-07 01:55:35]   페이지 2: +500행 (누적 1000행)
[2026-07-07 01:55:39]   페이지 3: +500행 (누적 1500행)
[2026-07-07 01:55:42]   페이지 4: +500행 (누적 2000행)
[2026-07-07 01:55:44]   페이지 5: +500행 (누적 2500행)
[2026-07-07 01:55:46]   페이지 6: +500행 (누적 3000행)
[2026-07-07 01:55:49]   페이지 7: +500행 (누적 3500행)
[2026-07-07 01:55:51]   페이지 8: +500행 (누적 4000행)
[2026-07-07 01:55:54]   페이지 9: +500행 (누적 4500행)
[2026-07-07 01:55:56]   페이지 10: +500행 (누적 5000행)
[2026-07-07 01:55:59]   페이지 11: +500행 (누적 5500행)
[2026-07-07 01:56:02]   페이지 12: +500행 (누적 6000행)
[2026-07-07 01:56:07]   페이지 13: +500행 (누적 6500행)
[2026-07-07 01:56:10]   페이지 14: +500행 (누적 7000행)
[2026-07-07 01:56:13]   페이지 15: +500행 (누적 7500행)
[2026-07-07 01:56:16]   페이지 16: +500행 (누적 8000행)
[2026-07-07 01:56:19]   페이지 17: +500행 (누적 8500행)
[2026-07-07 01:56:21]   페이지 18: +500행 (누적 9000행)
[2026-07-07 01:56:23]   페이지 19: +500행 (누적 9500행)
[2026-07-07 01:56:27]   페이지 20: +500행 (누적 10000행)
[2026-07-07 01:56:29]   페이지 21: +500행 (누적 10500행)
[2026-07-07 01:56:33]   페이지 22: +500행 (누적 11000행)
[2026-07-07 01:56:35]   페이지 23: +500행 (누적 11500행)
[2026-07-07 01:56:36]   페이지 24: +500행 (누적 12000행)
[2026-07-07 01:56:38]   페이지 25: +500행 (누적 12500행)
[2026-07-07 01:56:39]   페이지 26: +500행 (누적 13000행)
[2026-07-07 01:56:41]   페이지 27: +500행 (누적 13500행)
[2026-07-07 01:56:42]   페이지 28: +500행 (누적 14000행)
[2026-07-07 01:56:45]   페이지 29: +500행 (누적 14500행)
[2026-07-07 01:56:46]   페이지 30: +500행 (누적 15000행)
[2026-07-07 01:56:48]   페이지 31: +500행 (누적 15500행)
[2026-07-07 01:56:50]   페이지 32: +500행 (누적 16000행)
[2026-07-07 01:56:51]   페이지 33: +500행 (누적 16500행)
[2026-07-07 01:56:53]   페이지 34: +500행 (누적 17000행)
[2026-07-07 01:56:54]   페이지 35: +500행 (누적 17500행)
[2026-07-07 01:56:55]   페이지 36: +500행 (누적 18000행)
[2026-07-07 01:56:57]   페이지 37: +500행 (누적 18500행)
[2026-07-07 01:56:58]   페이지 38: +500행 (누적 19000행)
[2026-07-07 01:57:00]   페이지 39: +500행 (누적 19500행)
[2026-07-07 01:57:01]   페이지 40: +500행 (누적 20000행)
[2026-07-07 01:57:03]   페이지 41: +500행 (누적 20500행)
[2026-07-07 01:57:04]   페이지 42: +500행 (누적 21000행)
[2026-07-07 01:57:06]   페이지 43: +500행 (누적 21500행)
[2026-07-07 01:57:08]   페이지 44: +500행 (누적 22000행)
[2026-07-07 01:57:09]   페이지 45: +500행 (누적 22500행)
[2026-07-07 01:57:11]   페이지 46: +500행 (누적 23000행)
[2026-07-07 01:57:12]   페이지 47: +500행 (누적 23500행)
[2026-07-07 01:57:14]   페이지 48: +500행 (누적 24000행)
[2026-07-07 01:57:16]   페이지 49: +500행 (누적 24500행)
[2026-07-07 01:57:17]   페이지 50: +500행 (누적 25000행)
[2026-07-07 01:57:19]   페이지 51: +500행 (누적 25500행)
[2026-07-07 01:57:20]   페이지 52: +500행 (누적 26000행)
[2026-07-07 01:57:22]   페이지 53: +500행 (누적 26500행)
[2026-07-07 01:57:24]   페이지 54: +500행 (누적 27000행)
[2026-07-07 01:57:25]   페이지 55: +500행 (누적 27500행)
[2026-07-07 01:57:27]   페이지 56: +500행 (누적 28000행)
[2026-07-07 01:57:28]   페이지 57: +500행 (누적 28500행)
[2026-07-07 01:57:30]   페이지 58: +500행 (누적 29000행)
[2026-07-07 01:57:32]   페이지 59: +500행 (누적 29500행)
[2026-07-07 01:57:33]   페이지 60: +500행 (누적 30000행)
[2026-07-07 01:57:36]   페이지 61: +500행 (누적 30500행)
[2026-07-07 01:57:39]   페이지 62: +500행 (누적 31000행)
[2026-07-07 01:57:41]   페이지 63: +500행 (누적 31500행)
[2026-07-07 01:57:44]   페이지 64: +500행 (누적 32000행)
[2026-07-07 01:57:46]   페이지 65: +500행 (누적 32500행)
[2026-07-07 01:57:48]   페이지 66: +500행 (누적 33000행)
[2026-07-07 01:57:50]   페이지 67: +500행 (누적 33500행)
[2026-07-07 01:57:52]   페이지 68: +500행 (누적 34000행)
[2026-07-07 01:57:54]   페이지 69: +500행 (누적 34500행)
[2026-07-07 01:57:57]   페이지 70: +500행 (누적 35000행)
[2026-07-07 01:57:59]   페이지 71: +500행 (누적 35500행)
[2026-07-07 01:58:01]   페이지 72: +500행 (누적 36000행)
[2026-07-07 01:58:04]   페이지 73: +500행 (누적 36500행)
[2026-07-07 01:58:07]   페이지 74: +500행 (누적 37000행)
[2026-07-07 01:58:09]   페이지 75: +500행 (누적 37500행)
[2026-07-07 01:58:11]   페이지 76: +500행 (누적 38000행)
[2026-07-07 01:58:14]   페이지 77: +500행 (누적 38500행)
[2026-07-07 01:58:17]   페이지 78: +500행 (누적 39000행)
[2026-07-07 01:58:18]   페이지 79: +500행 (누적 39500행)
[2026-07-07 01:58:20]   페이지 80: +500행 (누적 40000행)
[2026-07-07 01:58:22]   페이지 81: +500행 (누적 40500행)
[2026-07-07 01:58:24]   페이지 82: +500행 (누적 41000행)
[2026-07-07 01:58:27]   페이지 83: +500행 (누적 41500행)
[2026-07-07 01:58:29]   페이지 84: +500행 (누적 42000행)
[2026-07-07 01:58:30]   페이지 85: +500행 (누적 42500행)
[2026-07-07 01:58:32]   페이지 86: +500행 (누적 43000행)
[2026-07-07 01:58:34]   페이지 87: +500행 (누적 43500행)
[2026-07-07 01:58:37]   페이지 88: +500행 (누적 44000행)
[2026-07-07 01:58:38]   페이지 89: +500행 (누적 44500행)
[2026-07-07 01:58:40]   페이지 90: +500행 (누적 45000행)
[2026-07-07 01:58:41]   페이지 91: +500행 (누적 45500행)
[2026-07-07 01:58:43]   페이지 92: +500행 (누적 46000행)
[2026-07-07 01:58:45]   페이지 93: +500행 (누적 46500행)
[2026-07-07 01:58:47]   페이지 94: +500행 (누적 47000행)
[2026-07-07 01:58:48]   페이지 95: +500행 (누적 47500행)
[2026-07-07 01:58:50]   페이지 96: +500행 (누적 48000행)
[2026-07-07 01:58:52]   페이지 97: +500행 (누적 48500행)
[2026-07-07 01:58:55]   페이지 98: +500행 (누적 49000행)
[2026-07-07 01:58:56]   페이지 99: +500행 (누적 49500행)
[2026-07-07 01:58:58]   페이지 100: +500행 (누적 50000행)
[2026-07-07 01:58:59]   페이지 101: +500행 (누적 50500행)
[2026-07-07 01:59:02]   페이지 102: +500행 (누적 51000행)
[2026-07-07 01:59:04]   페이지 103: +500행 (누적 51500행)
[2026-07-07 01:59:06]   페이지 104: +500행 (누적 52000행)
[2026-07-07 01:59:07]   페이지 105: +500행 (누적 52500행)
[2026-07-07 01:59:09]   페이지 106: +500행 (누적 53000행)
[2026-07-07 01:59:12]   페이지 107: +500행 (누적 53500행)
[2026-07-07 01:59:14]   페이지 108: +500행 (누적 54000행)
[2026-07-07 01:59:15]   페이지 109: +500행 (누적 54500행)
[2026-07-07 01:59:17]   페이지 110: +500행 (누적 55000행)
[2026-07-07 01:59:18]   페이지 111: +500행 (누적 55500행)
[2026-07-07 01:59:20]   페이지 112: +500행 (누적 56000행)
[2026-07-07 01:59:23]   페이지 113: +500행 (누적 56500행)
[2026-07-07 01:59:24]   페이지 114: +500행 (누적 57000행)
[2026-07-07 01:59:25]   페이지 115: +37행 (누적 57037행)
[2026-07-07 01:59:35] 광고세트 목표 조회: 1753/1753개
[2026-07-07 01:59:35]   소재명 정리: '[26.03]F_V_P초_전환_복요파출시_네고형_취식책상네고형_var1.릴스_BP대로.03_00_고가영_260306_1T_피재은 - 사본' -> '[26.03]F_V_P초_전환_복요파출시_네고형_취식책상네고형_var1.릴스_BP대로.03_00_고가영_260306_1T_피재은'
[2026-07-07 01:59:35]   소재명 정리: '[26.03]F_V_P초_전환_복요파출시_네고형_취식책상네고형_var1.릴스_BP대로.03_00_고가영_260306_1T_피재은 - 사본' -> '[26.03]F_V_P초_전환_복요파출시_네고형_취식책상네고형_var1.릴스_BP대로.03_00_고가영_260306_1T_피재은'
[2026-07-07 01:59:35]   소재명 정리: '[26.04]F_V_BA망_전환_망요바출시_네고형_반전네고형_var3.릴스_비하인드.X_2C_안예빈_260410_2T_유영현유영현 - 사본' -> '[26.04]F_V_BA망_전환_망요바출시_네고형_반전네고형_var3.릴스_비하인드.X_2C_안예빈_260410_2T_유영현유영현'
[2026-07-07 01:59:35]   소재명 정리: '[26.04]F_V_BA망_전환_망요바출시_네고형_반전네고형_var3.릴스_비하인드.X_2C_안예빈_260410_2T_유영현유영현 - 사본' -> '[26.04]F_V_BA망_전환_망요바출시_네고형_반전네고형_var3.릴스_비하인드.X_2C_안예빈_260410_2T_유영현유영현'
[2026-07-07 01:59:35]   소재명 정리: '[26.04]F_I_BA딸_전환_망요바출시_혜택강조형_혜택.100_.배너_혜택O.메시지테스트.비교프레임.요거트파우더아닌생요거트.이벤트끝나요_확장_허재희_260430_1셀_오혜정 - 사본' -> '[26.04]F_I_BA딸_전환_망요바출시_혜택강조형_혜택.100_.배너_혜택O.메시지테스트.비교프레임.요거트파우더아닌생요거트.이벤트끝나요_확장_허재희_260430_1셀_오혜정'
[2026-07-07 01:59:35]   소재명 정리: '[26.04]F_I_BA딸_전환_망요바출시_혜택강조형_혜택.100_.배너_혜택O.메시지테스트.비교프레임.요거트파우더아닌생요거트.이벤트끝나요_확장_허재희_260430_1셀_오혜정 - 사본' -> '[26.04]F_I_BA딸_전환_망요바출시_혜택강조형_혜택.100_.배너_혜택O.메시지테스트.비교프레임.요거트파우더아닌생요거트.이벤트끝나요_확장_허재희_260430_1셀_오혜정'
[2026-07-07 01:59:35]   소재명 정리: '[26.04]F_I_BA딸_전환_망요바출시_혜택강조형_혜택.100_.배너_혜택O.메시지테스트.비교프레임.요거트파우더아닌생요거트.이벤트끝나요_확장_허재희_260430_1셀_오혜정 - 사본' -> '[26.04]F_I_BA딸_전환_망요바출시_혜택강조형_혜택.100_.배너_혜택O.메시지테스트.비교프레임.요거트파우더아닌생요거트.이벤트끝나요_확장_허재희_260430_1셀_오혜정'
[2026-07-07 01:59:35]   소재명 정리: '[26.04]F_I_BA딸_전환_망요바출시_혜택강조형_혜택.100_.배너_혜택O.메시지테스트.비교프레임.요거트파우더아닌생요거트.이벤트끝나요_확장_허재희_260430_1셀_오혜정 - 사본' -> '[26.04]F_I_BA딸_전환_망요바출시_혜택강조형_혜택.100_.배너_혜택O.메시지테스트.비교프레임.요거트파우더아닌생요거트.이벤트끝나요_확장_허재희_260430_1셀_오혜정'
[2026-07-07 01:59:35]   소재명 정리: '[26.05]F_V_P혼_전환_파인트990원_원데이건_랭킹닭컴BP_main.릴스_담을수록싸다.재원PJ1_4C_강다빈_260512_1T_강다빈 - 사본' -> '[26.05]F_V_P혼_전환_파인트990원_원데이건_랭킹닭컴BP_main.릴스_담을수록싸다.재원PJ1_4C_강다빈_260512_1T_강다빈'
[2026-07-07 01:59:35]   소재명 정리: '[26.05]F_V_P혼_전환_파인트990원_원데이건_죄송합니다_var1.릴스_죄송.(재)_1C_김진수_260511_1T_김진수 - 사본' -> '[26.05]F_V_P혼_전환_파인트990원_원데이건_죄송합니다_var1.릴스_죄송.(재)_1C_김진수_260511_1T_김진수'
[2026-07-07 01:59:35]   소재명 정리: '[26.05]F_V_P혼_전환_파인트990원_원데이건_감사합니다_main.릴스_감사.(재)_1C_김진수_260511_1T_김진수 - 사본' -> '[26.05]F_V_P혼_전환_파인트990원_원데이건_감사합니다_main.릴스_감사.(재)_1C_김진수_260511_1T_김진수'
[2026-07-07 01:59:35]   소재명 정리: '[26.05]F_V_P혼_전환_파인트990원_원데이건_감사합니다_main.릴스_감사.재원PJ1_1C_김진수_260511_1T_김진수 - 사본' -> '[26.05]F_V_P혼_전환_파인트990원_원데이건_감사합니다_main.릴스_감사.재원PJ1_1C_김진수_260511_1T_김진수'
[2026-07-07 01:59:35]   소재명 정리: '[26.05]F_V_P혼_전환_파인트990원_원데이건_죄송합니다_var1.릴스_죄송.재원PJ1_1C_김진수_260511_1T_김진수 - 사본' -> '[26.05]F_V_P혼_전환_파인트990원_원데이건_죄송합니다_var1.릴스_죄송.재원PJ1_1C_김진수_260511_1T_김진수'
[2026-07-07 01:59:35]   소재명 정리: '[26.06]F_I_PC혼_전환_팝콘주말특가_혜택강조형__.배너_페인포인트해소.이미구매하신분들죄송.__박현지_260612_제과_김수정 - 사본' -> '[26.06]F_I_PC혼_전환_팝콘주말특가_혜택강조형__.배너_페인포인트해소.이미구매하신분들죄송.__박현지_260612_제과_김수정'
[2026-07-07 01:59:35]   소재명 정리: '[26.06]F_I_PC혼_전환_팝콘주말특가_혜택강조형__._페인포인트해소.주말만10%추가할인박스규모.__박현지_260612_제과_김수정 - 사본' -> '[26.06]F_I_PC혼_전환_팝콘주말특가_혜택강조형__._페인포인트해소.주말만10%추가할인박스규모.__박현지_260612_제과_김수정'
[2026-07-07 01:59:35]   소재명 정리: '[26.06]F_I_PC혼_전환_팝콘주말특가_혜택강조형__._페인포인트해소.긴급지금입니다.__박현지_260612_제과_김수정 - 사본' -> '[26.06]F_I_PC혼_전환_팝콘주말특가_혜택강조형__._페인포인트해소.긴급지금입니다.__박현지_260612_제과_김수정'
[2026-07-07 01:59:35]   소재명 정리: '[26.06]F_I_PC혼_전환_팝콘주말특가_혜택강조형__._페인포인트해소.주말만10%추가할인.__박현지_260612_제과_김수정 - 사본' -> '[26.06]F_I_PC혼_전환_팝콘주말특가_혜택강조형__._페인포인트해소.주말만10%추가할인.__박현지_260612_제과_김수정'
[2026-07-07 01:59:35]   소재명 정리: '[26.06]F_I_PC혼_전환_팝콘주말특가_혜택강조형__._페인포인트해소.간식값절반.__박현지_260612_제과_김수정 - 사본' -> '[26.06]F_I_PC혼_전환_팝콘주말특가_혜택강조형__._페인포인트해소.간식값절반.__박현지_260612_제과_김수정'
[2026-07-07 01:59:35]   소재명 정리: '[26.06]F_I_PC혼_전환_팝콘주말특가_혜택강조형__.배너_페인포인트해소.이미구매하신분들죄송.__박현지_260612_제과_김수정 - 사본' -> '[26.06]F_I_PC혼_전환_팝콘주말특가_혜택강조형__.배너_페인포인트해소.이미구매하신분들죄송.__박현지_260612_제과_김수정'
[2026-07-07 01:59:35]   소재명 정리: '[26.06]F_I_PC혼_전환_팝콘주말특가_혜택강조형__._페인포인트해소.주말만10%추가할인박스규모.__박현지_260612_제과_김수정 - 사본' -> '[26.06]F_I_PC혼_전환_팝콘주말특가_혜택강조형__._페인포인트해소.주말만10%추가할인박스규모.__박현지_260612_제과_김수정'
[2026-07-07 01:59:35]   소재명 정리: '[26.06]F_I_PC혼_전환_팝콘주말특가_혜택강조형__._페인포인트해소.긴급지금입니다.__박현지_260612_제과_김수정 - 사본' -> '[26.06]F_I_PC혼_전환_팝콘주말특가_혜택강조형__._페인포인트해소.긴급지금입니다.__박현지_260612_제과_김수정'
[2026-07-07 01:59:35]   소재명 정리: '[26.06]F_I_PC혼_전환_팝콘주말특가_혜택강조형__._페인포인트해소.주말만10%추가할인.__박현지_260612_제과_김수정 - 사본' -> '[26.06]F_I_PC혼_전환_팝콘주말특가_혜택강조형__._페인포인트해소.주말만10%추가할인.__박현지_260612_제과_김수정'
[2026-07-07 01:59:35]   소재명 정리: '[26.06]F_I_PC혼_전환_팝콘주말특가_혜택강조형__._페인포인트해소.간식값절반.__박현지_260612_제과_김수정 - 사본' -> '[26.06]F_I_PC혼_전환_팝콘주말특가_혜택강조형__._페인포인트해소.간식값절반.__박현지_260612_제과_김수정'
[2026-07-07 01:59:35] 소재명 ' - 사본' 정리 완료: 23건
[2026-07-07 01:59:35] 빙과 필터: 전체 57037행 -> 빙과 24181행
[2026-07-07 01:59:35] 완료: 24181행 -> /home/runner/work/lalasweet-icecream-dashboard/lalasweet-icecream-dashboard/data/meta_raw_2026-01-01_2026-07-06.csv
