[2026-07-14 10:41:50] [백필 모드] 수집 범위: 2026-07-14 ~ 2026-07-14
[2026-07-14 10:41:50] 수집 범위: 2026-07-14 ~ 2026-07-14 (1일)
[2026-07-14 10:41:51]   2026-07-14: 전체 97행 -> 빙과 78행
[2026-07-14 10:41:51] spend > 0 행: 33개
[2026-07-14 10:41:51] [백필 모드] state 파일 갱신 생략
[2026-07-14 10:41:51] 완료: 33행 -> /home/runner/work/lalasweet-icecream-dashboard/lalasweet-icecream-dashboard/data/tiktok_raw_2026-07-14_2026-07-14.csv
[2026-07-14 11:07:50] [백필 모드] 수집 범위: 2026-07-13 ~ 2026-07-13
[2026-07-14 11:07:50] 수집 범위: 2026-07-13 ~ 2026-07-13 (1일)
[2026-07-14 11:07:52]   2026-07-13: 전체 132행 -> 빙과 89행
[2026-07-14 11:07:52] spend > 0 행: 59개
[2026-07-14 11:07:52] [백필 모드] state 파일 갱신 생략
[2026-07-14 11:07:52] 완료: 59행 -> /home/runner/work/lalasweet-icecream-dashboard/lalasweet-icecream-dashboard/data/tiktok_raw_2026-07-13_2026-07-13.csv
[2026-07-14 12:03:23] [백필 모드] 수집 범위: 2026-06-01 ~ 2026-07-13
[2026-07-14 12:03:23] 수집 범위: 2026-06-01 ~ 2026-07-13 (43일)
[2026-07-14 12:03:28]   2026-06-01: 전체 492행 -> 빙과 401행
[2026-07-14 12:03:31]   2026-06-02: 전체 420행 -> 빙과 338행
[2026-07-14 12:03:35]   2026-06-03: 전체 365행 -> 빙과 287행
[2026-07-14 12:03:39]   2026-06-04: 전체 406행 -> 빙과 348행
[2026-07-14 12:03:42]   2026-06-05: 전체 326행 -> 빙과 281행
[2026-07-14 12:03:45]   2026-06-06: 전체 297행 -> 빙과 260행
[2026-07-14 12:03:48]   2026-06-07: 전체 273행 -> 빙과 222행
[2026-07-14 12:03:50]   2026-06-08: 전체 222행 -> 빙과 199행
[2026-07-14 12:03:53]   2026-06-09: 전체 231행 -> 빙과 197행
[2026-07-14 12:03:55]   2026-06-10: 전체 258행 -> 빙과 208행
[2026-07-14 12:03:58]   2026-06-11: 전체 259행 -> 빙과 212행
[2026-07-14 12:04:00]   2026-06-12: 전체 265행 -> 빙과 207행
[2026-07-14 12:04:02]   2026-06-13: 전체 235행 -> 빙과 167행
[2026-07-14 12:04:05]   2026-06-14: 전체 198행 -> 빙과 134행
[2026-07-14 12:04:06]   2026-06-15: 전체 179행 -> 빙과 119행
[2026-07-14 12:04:08]   2026-06-16: 전체 162행 -> 빙과 104행
[2026-07-14 12:04:11]   2026-06-17: 전체 151행 -> 빙과 99행
[2026-07-14 12:04:13]   2026-06-18: 전체 115행 -> 빙과 63행
[2026-07-14 12:04:14]   2026-06-19: 전체 145행 -> 빙과 100행
[2026-07-14 12:04:17]   2026-06-20: 전체 206행 -> 빙과 163행
[2026-07-14 12:04:19]   2026-06-21: 전체 189행 -> 빙과 151행
[2026-07-14 12:04:21]   2026-06-22: 전체 187행 -> 빙과 150행
[2026-07-14 12:04:23]   2026-06-23: 전체 165행 -> 빙과 138행
[2026-07-14 12:04:25]   2026-06-24: 전체 179행 -> 빙과 137행
[2026-07-14 12:04:27]   2026-06-25: 전체 180행 -> 빙과 131행
[2026-07-14 12:04:29]   2026-06-26: 전체 165행 -> 빙과 115행
[2026-07-14 12:04:31]   2026-06-27: 전체 189행 -> 빙과 142행
[2026-07-14 12:04:34]   2026-06-28: 전체 145행 -> 빙과 92행
[2026-07-14 12:04:35]   2026-06-29: 전체 105행 -> 빙과 58행
[2026-07-14 12:04:38]   2026-06-30: 전체 123행 -> 빙과 78행
[2026-07-14 12:04:39]   2026-07-01: 전체 134행 -> 빙과 85행
[2026-07-14 12:04:41]   2026-07-02: 전체 115행 -> 빙과 71행
[2026-07-14 12:04:42]   2026-07-03: 전체 138행 -> 빙과 93행
[2026-07-14 12:04:44]   2026-07-04: 전체 143행 -> 빙과 92행
[2026-07-14 12:04:46]   2026-07-05: 전체 129행 -> 빙과 87행
[2026-07-14 12:04:47]   2026-07-06: 전체 106행 -> 빙과 77행
[2026-07-14 12:04:49]   2026-07-07: 전체 98행 -> 빙과 70행
[2026-07-14 12:04:49]   2026-07-08: 전체 81행 -> 빙과 57행
[2026-07-14 12:04:50]   2026-07-09: 전체 96행 -> 빙과 64행
[2026-07-14 12:04:52]   2026-07-10: 전체 128행 -> 빙과 87행
[2026-07-14 12:04:55]   2026-07-11: 전체 115행 -> 빙과 77행
[2026-07-14 12:04:56]   2026-07-12: 전체 89행 -> 빙과 55행
[2026-07-14 12:04:58]   2026-07-13: 전체 132행 -> 빙과 89행
[2026-07-14 12:04:58] spend > 0 행: 982개
[2026-07-14 12:04:58] [백필 모드] state 파일 갱신 생략
[2026-07-14 12:04:58] 완료: 982행 -> /home/runner/work/lalasweet-icecream-dashboard/lalasweet-icecream-dashboard/data/tiktok_raw_2026-06-01_2026-07-13.csv
[2026-07-14 12:17:20] [백필 모드] 수집 범위: 2026-04-01 ~ 2026-05-31
[2026-07-14 12:17:20] 경고: 수집 범위 61일. 장기 누락 가능성.
[2026-07-14 12:17:20] 수집 범위: 2026-04-01 ~ 2026-05-31 (61일)
[2026-07-14 12:17:22]   2026-04-01: 전체 284행 -> 빙과 130행
[2026-07-14 12:17:24]   2026-04-02: 전체 267행 -> 빙과 121행
[2026-07-14 12:17:26]   2026-04-03: 전체 271행 -> 빙과 124행
[2026-07-14 12:17:29]   2026-04-04: 전체 289행 -> 빙과 126행
[2026-07-14 12:17:32]   2026-04-05: 전체 340행 -> 빙과 143행
[2026-07-14 12:17:34]   2026-04-06: 전체 313행 -> 빙과 136행
[2026-07-14 12:17:36]   2026-04-07: 전체 294행 -> 빙과 119행
[2026-07-14 12:17:38]   2026-04-08: 전체 286행 -> 빙과 115행
[2026-07-14 12:17:41]   2026-04-09: 전체 293행 -> 빙과 123행
[2026-07-14 12:17:43]   2026-04-10: 전체 302행 -> 빙과 124행
[2026-07-14 12:17:45]   2026-04-11: 전체 334행 -> 빙과 151행
[2026-07-14 12:17:48]   2026-04-12: 전체 351행 -> 빙과 137행
[2026-07-14 12:17:51]   2026-04-13: 전체 312행 -> 빙과 119행
[2026-07-14 12:17:53]   2026-04-14: 전체 282행 -> 빙과 117행
[2026-07-14 12:17:55]   2026-04-15: 전체 291행 -> 빙과 113행
[2026-07-14 12:17:57]   2026-04-16: 전체 291행 -> 빙과 116행
[2026-07-14 12:17:59]   2026-04-17: 전체 296행 -> 빙과 117행
[2026-07-14 12:18:02]   2026-04-18: 전체 360행 -> 빙과 191행
[2026-07-14 12:18:04]   2026-04-19: 전체 336행 -> 빙과 167행
[2026-07-14 12:18:07]   2026-04-20: 전체 302행 -> 빙과 155행
[2026-07-14 12:18:10]   2026-04-21: 전체 351행 -> 빙과 192행
[2026-07-14 12:18:13]   2026-04-22: 전체 335행 -> 빙과 176행
[2026-07-14 12:18:16]   2026-04-23: 전체 315행 -> 빙과 169행
[2026-07-14 12:18:19]   2026-04-24: 전체 350행 -> 빙과 204행
[2026-07-14 12:18:22]   2026-04-25: 전체 350행 -> 빙과 185행
[2026-07-14 12:18:24]   2026-04-26: 전체 364행 -> 빙과 200행
[2026-07-14 12:18:27]   2026-04-27: 전체 352행 -> 빙과 201행
[2026-07-14 12:18:30]   2026-04-28: 전체 346행 -> 빙과 191행
[2026-07-14 12:18:34]   2026-04-29: 전체 327행 -> 빙과 180행
[2026-07-14 12:18:38]   2026-04-30: 전체 377행 -> 빙과 223행
[2026-07-14 12:18:42]   2026-05-01: 전체 492행 -> 빙과 332행
[2026-07-14 12:18:46]   2026-05-02: 전체 526행 -> 빙과 367행
[2026-07-14 12:18:51]   2026-05-03: 전체 511행 -> 빙과 375행
[2026-07-14 12:18:55]   2026-05-04: 전체 463행 -> 빙과 360행
[2026-07-14 12:18:58]   2026-05-05: 전체 464행 -> 빙과 368행
[2026-07-14 12:19:03]   2026-05-06: 전체 554행 -> 빙과 409행
[2026-07-14 12:19:07]   2026-05-07: 전체 589행 -> 빙과 420행
[2026-07-14 12:19:12]   2026-05-08: 전체 642행 -> 빙과 461행
[2026-07-14 12:19:17]   2026-05-09: 전체 671행 -> 빙과 520행
[2026-07-14 12:19:25]   2026-05-10: 전체 761행 -> 빙과 566행
[2026-07-14 12:19:31]   2026-05-11: 전체 698행 -> 빙과 543행
[2026-07-14 12:19:46]   2026-05-12: 전체 686행 -> 빙과 542행
[2026-07-14 12:20:01]   2026-05-13: 전체 651행 -> 빙과 512행
[2026-07-14 12:20:07]   2026-05-14: 전체 667행 -> 빙과 525행
[2026-07-14 12:20:12]   2026-05-15: 전체 652행 -> 빙과 518행
[2026-07-14 12:20:18]   2026-05-16: 전체 739행 -> 빙과 605행
[2026-07-14 12:20:23]   2026-05-17: 전체 773행 -> 빙과 638행
[2026-07-14 12:20:29]   2026-05-18: 전체 656행 -> 빙과 529행
[2026-07-14 12:20:34]   2026-05-19: 전체 675행 -> 빙과 552행
[2026-07-14 12:20:39]   2026-05-20: 전체 645행 -> 빙과 528행
[2026-07-14 12:20:44]   2026-05-21: 전체 618행 -> 빙과 507행
[2026-07-14 12:20:51]   2026-05-22: 전체 566행 -> 빙과 465행
[2026-07-14 12:20:56]   2026-05-23: 전체 604행 -> 빙과 499행
[2026-07-14 12:21:01]   2026-05-24: 전체 594행 -> 빙과 487행
[2026-07-14 12:21:06]   2026-05-25: 전체 559행 -> 빙과 465행
[2026-07-14 12:21:11]   2026-05-26: 전체 550행 -> 빙과 460행
[2026-07-14 12:21:16]   2026-05-27: 전체 537행 -> 빙과 445행
[2026-07-14 12:21:20]   2026-05-28: 전체 530행 -> 빙과 441행
[2026-07-14 12:21:24]   2026-05-29: 전체 476행 -> 빙과 384행
[2026-07-14 12:21:37]   2026-05-30: 전체 487행 -> 빙과 400행
[2026-07-14 12:21:41]   2026-05-31: 전체 497행 -> 빙과 412행
[2026-07-14 12:21:41] spend > 0 행: 3932개
[2026-07-14 12:21:41] [백필 모드] state 파일 갱신 생략
[2026-07-14 12:21:41] 완료: 3932행 -> /home/runner/work/lalasweet-icecream-dashboard/lalasweet-icecream-dashboard/data/tiktok_raw_2026-04-01_2026-05-31.csv
[2026-07-14 12:33:40] [백필 모드] 수집 범위: 2026-01-01 ~ 2026-03-31
[2026-07-14 12:33:40] 경고: 수집 범위 90일. 장기 누락 가능성.
[2026-07-14 12:33:40] 수집 범위: 2026-01-01 ~ 2026-03-31 (90일)
[2026-07-14 12:33:41]   2026-01-01: 전체 63행 -> 빙과 18행
[2026-07-14 12:33:42]   2026-01-02: 전체 74행 -> 빙과 27행
[2026-07-14 12:33:44]   2026-01-03: 전체 58행 -> 빙과 22행
[2026-07-14 12:33:44]   2026-01-04: 전체 58행 -> 빙과 19행
[2026-07-14 12:33:45]   2026-01-05: 전체 57행 -> 빙과 20행
[2026-07-14 12:33:46]   2026-01-06: 전체 51행 -> 빙과 18행
[2026-07-14 12:33:47]   2026-01-07: 전체 47행 -> 빙과 17행
[2026-07-14 12:33:47]   2026-01-08: 전체 50행 -> 빙과 18행
[2026-07-14 12:33:48]   2026-01-09: 전체 43행 -> 빙과 15행
[2026-07-14 12:33:49]   2026-01-10: 전체 46행 -> 빙과 18행
[2026-07-14 12:33:50]   2026-01-11: 전체 46행 -> 빙과 18행
[2026-07-14 12:33:51]   2026-01-12: 전체 51행 -> 빙과 17행
[2026-07-14 12:33:52]   2026-01-13: 전체 51행 -> 빙과 21행
[2026-07-14 12:33:52]   2026-01-14: 전체 38행 -> 빙과 16행
[2026-07-14 12:33:53]   2026-01-15: 전체 38행 -> 빙과 16행
[2026-07-14 12:33:54]   2026-01-16: 전체 36행 -> 빙과 15행
[2026-07-14 12:33:55]   2026-01-17: 전체 31행 -> 빙과 12행
[2026-07-14 12:33:55]   2026-01-18: 전체 42행 -> 빙과 15행
[2026-07-14 12:33:56]   2026-01-19: 전체 28행 -> 빙과 10행
[2026-07-14 12:33:57]   2026-01-20: 전체 35행 -> 빙과 14행
[2026-07-14 12:33:57]   2026-01-21: 전체 29행 -> 빙과 8행
[2026-07-14 12:33:58]   2026-01-22: 전체 24행 -> 빙과 5행
[2026-07-14 12:33:58]   2026-01-23: 전체 27행 -> 빙과 7행
[2026-07-14 12:33:59]   2026-01-24: 전체 23행 -> 빙과 4행
[2026-07-14 12:34:00]   2026-01-25: 전체 28행 -> 빙과 7행
[2026-07-14 12:34:00]   2026-01-26: 전체 22행 -> 빙과 4행
[2026-07-14 12:34:01]   2026-01-27: 전체 30행 -> 빙과 9행
[2026-07-14 12:34:03]   2026-01-28: 전체 27행 -> 빙과 6행
[2026-07-14 12:34:03]   2026-01-29: 전체 29행 -> 빙과 8행
[2026-07-14 12:34:04]   2026-01-30: 전체 32행 -> 빙과 11행
[2026-07-14 12:34:05]   2026-01-31: 전체 25행 -> 빙과 5행
[2026-07-14 12:34:07]   2026-02-01: 전체 23행 -> 빙과 3행
[2026-07-14 12:34:07]   2026-02-02: 전체 30행 -> 빙과 10행
[2026-07-14 12:34:08]   2026-02-03: 전체 38행 -> 빙과 20행
[2026-07-14 12:34:09]   2026-02-04: 전체 30행 -> 빙과 18행
[2026-07-14 12:34:10]   2026-02-05: 전체 28행 -> 빙과 21행
[2026-07-14 12:34:10]   2026-02-06: 전체 34행 -> 빙과 27행
[2026-07-14 12:34:11]   2026-02-07: 전체 31행 -> 빙과 26행
[2026-07-14 12:34:12]   2026-02-08: 전체 31행 -> 빙과 26행
[2026-07-14 12:34:13]   2026-02-09: 전체 33행 -> 빙과 27행
[2026-07-14 12:34:13]   2026-02-10: 전체 35행 -> 빙과 33행
[2026-07-14 12:34:14]   2026-02-11: 전체 33행 -> 빙과 32행
[2026-07-14 12:34:15]   2026-02-12: 전체 30행 -> 빙과 30행
[2026-07-14 12:34:16]   2026-02-13: 전체 31행 -> 빙과 30행
[2026-07-14 12:34:17]   2026-02-14: 전체 69행 -> 빙과 62행
[2026-07-14 12:34:17]   2026-02-15: 전체 66행 -> 빙과 60행
[2026-07-14 12:34:18]   2026-02-16: 전체 64행 -> 빙과 60행
[2026-07-14 12:34:19]   2026-02-17: 전체 70행 -> 빙과 63행
[2026-07-14 12:34:20]   2026-02-18: 전체 70행 -> 빙과 65행
[2026-07-14 12:34:21]   2026-02-19: 전체 67행 -> 빙과 62행
[2026-07-14 12:34:21]   2026-02-20: 전체 70행 -> 빙과 63행
[2026-07-14 12:34:22]   2026-02-21: 전체 67행 -> 빙과 62행
[2026-07-14 12:34:23]   2026-02-22: 전체 70행 -> 빙과 64행
[2026-07-14 12:34:24]   2026-02-23: 전체 70행 -> 빙과 66행
[2026-07-14 12:34:25]   2026-02-24: 전체 72행 -> 빙과 67행
[2026-07-14 12:34:25]   2026-02-25: 전체 70행 -> 빙과 65행
[2026-07-14 12:34:26]   2026-02-26: 전체 69행 -> 빙과 66행
[2026-07-14 12:34:27]   2026-02-27: 전체 71행 -> 빙과 65행
[2026-07-14 12:34:28]   2026-02-28: 전체 67행 -> 빙과 63행
[2026-07-14 12:34:29]   2026-03-01: 전체 71행 -> 빙과 66행
[2026-07-14 12:34:30]   2026-03-02: 전체 70행 -> 빙과 66행
[2026-07-14 12:34:30]   2026-03-03: 전체 74행 -> 빙과 68행
[2026-07-14 12:34:31]   2026-03-04: 전체 77행 -> 빙과 63행
[2026-07-14 12:34:32]   2026-03-05: 전체 70행 -> 빙과 61행
[2026-07-14 12:34:33]   2026-03-06: 전체 113행 -> 빙과 103행
[2026-07-14 12:34:35]   2026-03-07: 전체 143행 -> 빙과 101행
[2026-07-14 12:34:37]   2026-03-08: 전체 155행 -> 빙과 101행
[2026-07-14 12:34:38]   2026-03-09: 전체 153행 -> 빙과 101행
[2026-07-14 12:34:40]   2026-03-10: 전체 150행 -> 빙과 99행
[2026-07-14 12:34:41]   2026-03-11: 전체 149행 -> 빙과 98행
[2026-07-14 12:34:43]   2026-03-12: 전체 143행 -> 빙과 93행
[2026-07-14 12:34:44]   2026-03-13: 전체 140행 -> 빙과 92행
[2026-07-14 12:34:47]   2026-03-14: 전체 154행 -> 빙과 103행
[2026-07-14 12:34:48]   2026-03-15: 전체 162행 -> 빙과 117행
[2026-07-14 12:34:51]   2026-03-16: 전체 204행 -> 빙과 106행
[2026-07-14 12:34:52]   2026-03-17: 전체 196행 -> 빙과 99행
[2026-07-14 12:34:54]   2026-03-18: 전체 193행 -> 빙과 101행
[2026-07-14 12:34:56]   2026-03-19: 전체 188행 -> 빙과 100행
[2026-07-14 12:34:58]   2026-03-20: 전체 202행 -> 빙과 98행
[2026-07-14 12:34:59]   2026-03-21: 전체 186행 -> 빙과 90행
[2026-07-14 12:35:02]   2026-03-22: 전체 255행 -> 빙과 121행
[2026-07-14 12:35:04]   2026-03-23: 전체 248행 -> 빙과 110행
[2026-07-14 12:35:07]   2026-03-24: 전체 246행 -> 빙과 110행
[2026-07-14 12:35:09]   2026-03-25: 전체 234행 -> 빙과 101행
[2026-07-14 12:35:12]   2026-03-26: 전체 219행 -> 빙과 94행
[2026-07-14 12:35:14]   2026-03-27: 전체 235행 -> 빙과 104행
[2026-07-14 12:35:16]   2026-03-28: 전체 261행 -> 빙과 130행
[2026-07-14 12:35:19]   2026-03-29: 전체 286행 -> 빙과 136행
[2026-07-14 12:35:21]   2026-03-30: 전체 266행 -> 빙과 118행
[2026-07-14 12:35:23]   2026-03-31: 전체 275행 -> 빙과 123행
[2026-07-14 12:35:23] spend > 0 행: 1071개
[2026-07-14 12:35:23] [백필 모드] state 파일 갱신 생략
[2026-07-14 12:35:23] 완료: 1071행 -> /home/runner/work/lalasweet-icecream-dashboard/lalasweet-icecream-dashboard/data/tiktok_raw_2026-01-01_2026-03-31.csv
